<?xml version="1.0" encoding="UTF-8"?>
<!-- Generated by org.testng.reporters.JUnitReportReporter -->
<testsuite hostname="DESKTOP-QMSQO3B" failures="0" tests="1" name="selenium.DevOpsMorning.RegisterDemo" time="0.015" errors="0" timestamp="2021-09-04T08:55:08 IST" skipped="0">
  <testcase classname="selenium.DevOpsMorning.RegisterDemo" name="registerDemo" time="0.015"/>
  <system-out/>
</testsuite> <!-- selenium.DevOpsMorning.RegisterDemo -->
